2025-03-18 15:49:36,465 [INFO] Activator:176 - 


2025-03-18 15:49:36,467 [INFO] Activator:177 - !SESSION log4j initialized
2025-03-18 15:49:38,825 [INFO] LogOutputStream:77 - [STDOUT_REDIRECT] 
2025-03-18 15:49:40,543 [INFO] ApplicationProperties:184 - Using Application install path: C:\ST\STM32CubeIDE_1.18.0\STM32CubeIDE\plugins\com.st.stm32cube.common.mx_6.14.0.202502271554
2025-03-18 15:49:40,559 [INFO] DbMcusXml:78 - Set database path to: C:\ST\STM32CubeIDE_1.18.0\STM32CubeIDE\plugins\com.st.stm32cube.common.mx_6.14.0.202502271554\\db\/mcu/
2025-03-18 15:49:40,560 [INFO] ApiDb:274 - Set plugin database path to: C:\ST\STM32CubeIDE_1.18.0\STM32CubeIDE\plugins\com.st.stm32cube.common.mx_6.14.0.202502271554\\db\/plugins/boardmanager/
2025-03-18 15:49:40,560 [WARN] ApiDb:259 - Overriding images path with different value:  => C:\ST\STM32CubeIDE_1.18.0\STM32CubeIDE\plugins\com.st.stm32cube.common.mx_6.14.0.202502271554\\db\/plugins/mcufinder/images/
2025-03-18 15:49:40,564 [INFO] ApiDb:250 - Set database path to: C:\Users\a_ami\.stmcufinder\plugins\mcufinder//mcu/
2025-03-18 15:49:40,565 [INFO] DbMcusAds:125 - Set database path to: C:\Users\a_ami\.stmcufinder\plugins\mcufinder//mcu/
2025-03-18 15:49:40,567 [INFO] CrossReferenceDbSqlite:203 - Set database path to: C:\Users\a_ami\.stmcufinder\plugins\mcufinder//mcu/cs/
2025-03-18 15:49:40,668 [INFO] RulesReader:64 - Compatibility file has been processed (301 Rules)
2025-03-18 15:49:40,730 [INFO] DbMcusXml:78 - Set database path to: C:\ST\STM32CubeIDE_1.18.0\STM32CubeIDE\plugins\com.st.stm32cube.common.mx_6.14.0.202502271554\\db\/mcu/
2025-03-18 15:49:40,730 [INFO] ApiDb:274 - Set plugin database path to: C:\ST\STM32CubeIDE_1.18.0\STM32CubeIDE\plugins\com.st.stm32cube.common.mx_6.14.0.202502271554\\db\/plugins/boardmanager/
2025-03-18 15:49:40,731 [INFO] ApiDb:261 - Set plugin images path to: C:\ST\STM32CubeIDE_1.18.0\STM32CubeIDE\plugins\com.st.stm32cube.common.mx_6.14.0.202502271554\\db\/plugins/mcufinder/images/
2025-03-18 15:49:40,731 [WARN] DbFile:41 - Overriding database path with different value: C:\Users\a_ami\.stmcufinder\plugins\mcufinder/ => C:\Users\a_ami\.stmcufinder\plugins\mcufinder
2025-03-18 15:49:40,731 [INFO] ApiDb:250 - Set database path to: C:\Users\a_ami\.stmcufinder\plugins\mcufinder//mcu/
2025-03-18 15:49:40,731 [WARN] DbFile:41 - Overriding database path with different value: C:\Users\a_ami\.stmcufinder\plugins\mcufinder/ => C:\Users\a_ami\.stmcufinder\plugins\mcufinder
2025-03-18 15:49:40,731 [INFO] DbMcusAds:125 - Set database path to: C:\Users\a_ami\.stmcufinder\plugins\mcufinder//mcu/
2025-03-18 15:49:40,731 [WARN] DbFile:41 - Overriding database path with different value: C:\Users\a_ami\.stmcufinder\plugins\mcufinder/ => C:\Users\a_ami\.stmcufinder\plugins\mcufinder
2025-03-18 15:49:40,731 [WARN] DbFile:41 - Overriding database path with different value: C:\Users\a_ami\.stmcufinder\plugins\mcufinder/ => C:\Users\a_ami\.stmcufinder\plugins\mcufinder
2025-03-18 15:49:40,731 [INFO] CrossReferenceDbSqlite:203 - Set database path to: C:\Users\a_ami\.stmcufinder\plugins\mcufinder//mcu/cs/
2025-03-18 15:49:40,792 [INFO] MainPanel:272 - HeapMemory: 268435456
2025-03-18 15:49:40,859 [INFO] DbMcusXml:78 - Set database path to: C:\ST\STM32CubeIDE_1.18.0\STM32CubeIDE\plugins\com.st.stm32cube.common.mx_6.14.0.202502271554\\db\/mcu/
2025-03-18 15:49:40,860 [INFO] ApiDb:274 - Set plugin database path to: C:\ST\STM32CubeIDE_1.18.0\STM32CubeIDE\plugins\com.st.stm32cube.common.mx_6.14.0.202502271554\\db\/plugins/boardmanager/
2025-03-18 15:49:40,860 [INFO] ApiDb:261 - Set plugin images path to: C:\ST\STM32CubeIDE_1.18.0\STM32CubeIDE\plugins\com.st.stm32cube.common.mx_6.14.0.202502271554\\db\/plugins/mcufinder/images/
2025-03-18 15:49:40,860 [WARN] DbFile:41 - Overriding database path with different value: C:\Users\a_ami\.stmcufinder\plugins\mcufinder/ => C:\Users\a_ami\.stmcufinder\plugins\mcufinder
2025-03-18 15:49:40,860 [INFO] ApiDb:250 - Set database path to: C:\Users\a_ami\.stmcufinder\plugins\mcufinder//mcu/
2025-03-18 15:49:40,860 [WARN] DbFile:41 - Overriding database path with different value: C:\Users\a_ami\.stmcufinder\plugins\mcufinder/ => C:\Users\a_ami\.stmcufinder\plugins\mcufinder
2025-03-18 15:49:40,860 [INFO] DbMcusAds:125 - Set database path to: C:\Users\a_ami\.stmcufinder\plugins\mcufinder//mcu/
2025-03-18 15:49:40,860 [WARN] DbFile:41 - Overriding database path with different value: C:\Users\a_ami\.stmcufinder\plugins\mcufinder/ => C:\Users\a_ami\.stmcufinder\plugins\mcufinder
2025-03-18 15:49:40,860 [WARN] DbFile:41 - Overriding database path with different value: C:\Users\a_ami\.stmcufinder\plugins\mcufinder/ => C:\Users\a_ami\.stmcufinder\plugins\mcufinder
2025-03-18 15:49:40,860 [INFO] CrossReferenceDbSqlite:203 - Set database path to: C:\Users\a_ami\.stmcufinder\plugins\mcufinder//mcu/cs/
2025-03-18 15:49:40,875 [INFO] ApplicationProperties:184 - Using Application install path: C:\ST\STM32CubeIDE_1.18.0\STM32CubeIDE\plugins\com.st.stm32cube.common.mx_6.14.0.202502271554
2025-03-18 15:49:40,876 [INFO] PluginManage:196 - Search for loadable plugins [exclusion list=, ]
2025-03-18 15:49:40,877 [INFO] PluginManage:310 - Check plugin analytics
2025-03-18 15:49:41,030 [INFO] AnalyticsPlugin:253 - Accepted Software Licenses: STM32CubeMX.6.14.0
2025-03-18 15:49:41,031 [INFO] AnalyticsPlugin:255 - Accepted CMSIS Pack Licenses: 
2025-03-18 15:49:41,031 [INFO] AnalyticsPlugin:257 - Accepted Firmware Licenses: 
2025-03-18 15:49:41,033 [INFO] PluginManage:359 - Loaded plugin analytics (category:tool,tabindex:-1)
2025-03-18 15:49:41,034 [INFO] PluginManage:310 - Check plugin cadmodel
2025-03-18 15:49:41,038 [INFO] CADModel:105 - Init CAD model plugin
2025-03-18 15:49:41,038 [INFO] PluginManage:359 - Loaded plugin cadmodel (category:power,tabindex:5)
2025-03-18 15:49:41,038 [INFO] PluginManage:310 - Check plugin clock
2025-03-18 15:49:41,046 [INFO] PluginManage:359 - Loaded plugin clock (category:base,tabindex:2)
2025-03-18 15:49:41,047 [INFO] PluginManage:310 - Check plugin ddr
2025-03-18 15:49:41,049 [INFO] PluginManage:359 - Loaded plugin ddr (category:tool,tabindex:6)
2025-03-18 15:49:41,049 [INFO] PluginManage:310 - Check plugin filemanager
2025-03-18 15:49:41,223 [INFO] PluginManage:359 - Loaded plugin filemanager (category:base,tabindex:10)
2025-03-18 15:49:41,223 [INFO] PluginManage:310 - Check plugin ipmanager
2025-03-18 15:49:41,230 [INFO] PluginManage:359 - Loaded plugin ipmanager (category:base,tabindex:5)
2025-03-18 15:49:41,230 [INFO] PluginManage:310 - Check plugin lpbam
2025-03-18 15:49:41,236 [INFO] PluginManage:359 - Loaded plugin lpbam (category:base,tabindex:0)
2025-03-18 15:49:41,236 [INFO] PluginManage:310 - Check plugin memorymap
2025-03-18 15:49:41,245 [INFO] PluginManage:359 - Loaded plugin memorymap (category:base,tabindex:4)
2025-03-18 15:49:41,246 [INFO] PluginManage:310 - Check plugin pinoutandconfiguration
2025-03-18 15:49:41,252 [INFO] PluginManage:359 - Loaded plugin pinoutandconfiguration (category:base,tabindex:1)
2025-03-18 15:49:41,252 [INFO] PluginManage:310 - Check plugin pinoutconfig
2025-03-18 15:49:41,322 [WARN] SupportedApi:132 - Cannot load RTOS API schema: s4s-elt-must-match.1: The content of 'definitions' must match (annotation?, (simpleType | complexType)?, (unique | key | keyref)*)). A problem was found starting at: attribute.
2025-03-18 15:49:41,445 [INFO] PluginManage:359 - Loaded plugin pinoutconfig (category:base,tabindex:0)
2025-03-18 15:49:41,445 [INFO] PluginManage:310 - Check plugin power
2025-03-18 15:49:41,450 [INFO] PluginManage:359 - Loaded plugin power (category:power,tabindex:4)
2025-03-18 15:49:41,450 [INFO] PluginManage:310 - Check plugin projectmanager
2025-03-18 15:49:41,464 [INFO] PluginManage:359 - Loaded plugin projectmanager (category:projectmanager,tabindex:4)
2025-03-18 15:49:41,464 [INFO] PluginManage:310 - Check plugin rif
2025-03-18 15:49:41,469 [INFO] PluginManage:359 - Loaded plugin rif (category:base,tabindex:3)
2025-03-18 15:49:41,469 [INFO] PluginManage:310 - Check plugin thirdparty
2025-03-18 15:49:41,581 [INFO] PluginManage:359 - Loaded plugin thirdparty (category:base,tabindex:-1)
2025-03-18 15:49:41,582 [INFO] PluginManage:310 - Check plugin tools
2025-03-18 15:49:41,582 [WARN] IntegrityCheckThread:84 - waiting for thirdparty lock release [integrity check]
2025-03-18 15:49:41,582 [INFO] IntegrityCheckThread:86 - entering critical section [integrity check]
2025-03-18 15:49:41,582 [INFO] ThirdPartyUpdaterWithRetryManager:70 - Updater plugin not ready yet. [1/15]
2025-03-18 15:49:41,584 [INFO] PluginManage:359 - Loaded plugin tools (category:base,tabindex:7)
2025-03-18 15:49:41,584 [INFO] PluginManage:310 - Check plugin tutovideos
2025-03-18 15:49:41,723 [INFO] PluginManage:359 - Loaded plugin tutovideos (category:base,tabindex:-1)
2025-03-18 15:49:41,723 [INFO] PluginManage:310 - Check plugin updater
2025-03-18 15:49:41,743 [INFO] PluginManage:359 - Loaded plugin updater (category:base,tabindex:12)
2025-03-18 15:49:41,743 [INFO] PluginManage:310 - Check plugin userauth
2025-03-18 15:49:41,745 [INFO] UserAuth:118 - Init User Auth plugin
2025-03-18 15:49:41,748 [INFO] PluginManage:359 - Loaded plugin userauth (category:base,tabindex:14)
2025-03-18 15:49:41,748 [INFO] PluginManage:283 - PluginManage : Loaded plugins [18]
2025-03-18 15:49:41,910 [INFO] PinOutPanel:1589 - setPackage(No Configuration,No Configuration)
2025-03-18 15:49:41,979 [INFO] CADModel:165 - CPN selected for project level
2025-03-18 15:49:41,979 [INFO] CADModel:114 - Register for checkConnection events
2025-03-18 15:49:41,992 [INFO] IPUIPlugin:80 - create IPUIPlugin
2025-03-18 15:49:41,992 [INFO] PluginManager:220 - loadIPPluginJar : add adc
2025-03-18 15:49:41,995 [INFO] IPUIPlugin:80 - create IPUIPlugin
2025-03-18 15:49:41,996 [INFO] PluginManager:220 - loadIPPluginJar : add aes
2025-03-18 15:49:41,998 [INFO] IPUIPlugin:80 - create IPUIPlugin
2025-03-18 15:49:41,998 [INFO] PluginManager:220 - loadIPPluginJar : add can
2025-03-18 15:49:41,999 [INFO] IPUIPlugin:80 - create IPUIPlugin
2025-03-18 15:49:41,999 [INFO] PluginManager:220 - loadIPPluginJar : add comp
2025-03-18 15:49:42,000 [INFO] IPUIPlugin:80 - create IPUIPlugin
2025-03-18 15:49:42,000 [INFO] PluginManager:220 - loadIPPluginJar : add cryp
2025-03-18 15:49:42,002 [INFO] IPUIPlugin:80 - create IPUIPlugin
2025-03-18 15:49:42,002 [INFO] PluginManager:220 - loadIPPluginJar : add ddr_ctrl_phy
2025-03-18 15:49:42,003 [INFO] IPUIPlugin:80 - create IPUIPlugin
2025-03-18 15:49:42,003 [INFO] PluginManager:220 - loadIPPluginJar : add dfsdm
2025-03-18 15:49:42,007 [INFO] IPUIPlugin:80 - create IPUIPlugin
2025-03-18 15:49:42,007 [INFO] PluginManager:220 - loadIPPluginJar : add dma
2025-03-18 15:49:42,009 [INFO] IPUIPlugin:80 - create IPUIPlugin
2025-03-18 15:49:42,009 [INFO] PluginManager:220 - loadIPPluginJar : add dma3
2025-03-18 15:49:42,010 [INFO] IPUIPlugin:80 - create IPUIPlugin
2025-03-18 15:49:42,011 [INFO] PluginManager:220 - loadIPPluginJar : add extmemmanager
2025-03-18 15:49:42,011 [INFO] IPUIPlugin:80 - create IPUIPlugin
2025-03-18 15:49:42,012 [INFO] PluginManager:220 - loadIPPluginJar : add fatfs
2025-03-18 15:49:42,015 [INFO] IPUIPlugin:80 - create IPUIPlugin
2025-03-18 15:49:42,015 [INFO] PluginManager:220 - loadIPPluginJar : add fmc
2025-03-18 15:49:42,018 [INFO] IPUIPlugin:80 - create IPUIPlugin
2025-03-18 15:49:42,019 [INFO] PluginManager:220 - loadIPPluginJar : add freertos
2025-03-18 15:49:42,021 [INFO] IPUIPlugin:80 - create IPUIPlugin
2025-03-18 15:49:42,021 [INFO] PluginManager:220 - loadIPPluginJar : add genericplugin
2025-03-18 15:49:42,023 [INFO] IPUIPlugin:80 - create IPUIPlugin
2025-03-18 15:49:42,023 [INFO] PluginManager:220 - loadIPPluginJar : add gfxmmu
2025-03-18 15:49:42,026 [INFO] IPUIPlugin:80 - create IPUIPlugin
2025-03-18 15:49:42,026 [INFO] PluginManager:220 - loadIPPluginJar : add gic
2025-03-18 15:49:42,029 [INFO] IPUIPlugin:80 - create IPUIPlugin
2025-03-18 15:49:42,029 [INFO] PluginManager:220 - loadIPPluginJar : add gpio
2025-03-18 15:49:42,031 [INFO] IPUIPlugin:80 - create IPUIPlugin
2025-03-18 15:49:42,031 [INFO] PluginManager:220 - loadIPPluginJar : add gtzc
2025-03-18 15:49:42,033 [INFO] IPUIPlugin:80 - create IPUIPlugin
2025-03-18 15:49:42,034 [INFO] PluginManager:220 - loadIPPluginJar : add hash
2025-03-18 15:49:42,035 [INFO] IPUIPlugin:80 - create IPUIPlugin
2025-03-18 15:49:42,035 [INFO] PluginManager:220 - loadIPPluginJar : add i2c
2025-03-18 15:49:42,037 [INFO] IPUIPlugin:80 - create IPUIPlugin
2025-03-18 15:49:42,038 [INFO] PluginManager:220 - loadIPPluginJar : add i2s
2025-03-18 15:49:42,040 [INFO] IPUIPlugin:80 - create IPUIPlugin
2025-03-18 15:49:42,040 [INFO] PluginManager:220 - loadIPPluginJar : add i3c
2025-03-18 15:49:42,043 [INFO] IPUIPlugin:80 - create IPUIPlugin
2025-03-18 15:49:42,043 [INFO] PluginManager:220 - loadIPPluginJar : add ipddr
2025-03-18 15:49:42,049 [INFO] IPUIPlugin:80 - create IPUIPlugin
2025-03-18 15:49:42,049 [INFO] PluginManager:220 - loadIPPluginJar : add linkedlist
2025-03-18 15:49:42,052 [INFO] IPUIPlugin:80 - create IPUIPlugin
2025-03-18 15:49:42,052 [INFO] PluginManager:220 - loadIPPluginJar : add lorawan
2025-03-18 15:49:42,053 [INFO] IPUIPlugin:80 - create IPUIPlugin
2025-03-18 15:49:42,053 [INFO] PluginManager:220 - loadIPPluginJar : add ltdc
2025-03-18 15:49:42,056 [INFO] IPUIPlugin:80 - create IPUIPlugin
2025-03-18 15:49:42,056 [INFO] PluginManager:220 - loadIPPluginJar : add mdma
2025-03-18 15:49:42,059 [INFO] IPUIPlugin:80 - create IPUIPlugin
2025-03-18 15:49:42,059 [INFO] PluginManager:220 - loadIPPluginJar : add nvic
2025-03-18 15:49:42,061 [INFO] IPUIPlugin:80 - create IPUIPlugin
2025-03-18 15:49:42,062 [INFO] PluginManager:220 - loadIPPluginJar : add opamp
2025-03-18 15:49:42,064 [INFO] IPUIPlugin:80 - create IPUIPlugin
2025-03-18 15:49:42,064 [INFO] PluginManager:220 - loadIPPluginJar : add openamp
2025-03-18 15:49:42,067 [INFO] IPUIPlugin:80 - create IPUIPlugin
2025-03-18 15:49:42,068 [INFO] PluginManager:220 - loadIPPluginJar : add pdm2pcm
2025-03-18 15:49:42,072 [INFO] IPUIPlugin:80 - create IPUIPlugin
2025-03-18 15:49:42,074 [INFO] PluginManager:220 - loadIPPluginJar : add plateformsettings
2025-03-18 15:49:42,077 [INFO] IPUIPlugin:80 - create IPUIPlugin
2025-03-18 15:49:42,077 [INFO] PluginManager:220 - loadIPPluginJar : add quadspi
2025-03-18 15:49:42,079 [INFO] IPUIPlugin:80 - create IPUIPlugin
2025-03-18 15:49:42,080 [INFO] PluginManager:220 - loadIPPluginJar : add radio
2025-03-18 15:49:42,082 [INFO] IPUIPlugin:80 - create IPUIPlugin
2025-03-18 15:49:42,082 [INFO] PluginManager:220 - loadIPPluginJar : add resmgrutility
2025-03-18 15:49:42,085 [INFO] IPUIPlugin:80 - create IPUIPlugin
2025-03-18 15:49:42,085 [INFO] PluginManager:220 - loadIPPluginJar : add sai
2025-03-18 15:49:42,087 [INFO] IPUIPlugin:80 - create IPUIPlugin
2025-03-18 15:49:42,087 [INFO] PluginManager:220 - loadIPPluginJar : add spi
2025-03-18 15:49:42,091 [INFO] IPUIPlugin:80 - create IPUIPlugin
2025-03-18 15:49:42,091 [INFO] PluginManager:220 - loadIPPluginJar : add stm32_wpan
2025-03-18 15:49:42,092 [INFO] IPUIPlugin:80 - create IPUIPlugin
2025-03-18 15:49:42,092 [INFO] PluginManager:220 - loadIPPluginJar : add tim
2025-03-18 15:49:42,094 [INFO] IPUIPlugin:80 - create IPUIPlugin
2025-03-18 15:49:42,095 [INFO] PluginManager:220 - loadIPPluginJar : add touchsensing
2025-03-18 15:49:42,097 [INFO] IPUIPlugin:80 - create IPUIPlugin
2025-03-18 15:49:42,097 [INFO] PluginManager:220 - loadIPPluginJar : add tracer_emb
2025-03-18 15:49:42,098 [INFO] IPUIPlugin:80 - create IPUIPlugin
2025-03-18 15:49:42,098 [INFO] PluginManager:220 - loadIPPluginJar : add ts
2025-03-18 15:49:42,099 [INFO] IPUIPlugin:80 - create IPUIPlugin
2025-03-18 15:49:42,099 [INFO] PluginManager:220 - loadIPPluginJar : add tsc
2025-03-18 15:49:42,100 [INFO] IPUIPlugin:80 - create IPUIPlugin
2025-03-18 15:49:42,100 [INFO] PluginManager:220 - loadIPPluginJar : add ucpd
2025-03-18 15:49:42,102 [INFO] IPUIPlugin:80 - create IPUIPlugin
2025-03-18 15:49:42,102 [INFO] PluginManager:220 - loadIPPluginJar : add usart
2025-03-18 15:49:42,104 [INFO] IPUIPlugin:80 - create IPUIPlugin
2025-03-18 15:49:42,104 [INFO] PluginManager:220 - loadIPPluginJar : add usbx
2025-03-18 15:49:42,226 [FATAL] Updater:351 - Updater called before beeing initialized
2025-03-18 15:49:42,248 [INFO] RulesReader:64 - Compatibility file has been processed (301 Rules)
2025-03-18 15:49:42,258 [INFO] RulesReader:64 - Compatibility file has been processed (301 Rules)
2025-03-18 15:49:42,263 [INFO] CADModel:165 - CPN selected for project level
2025-03-18 15:49:42,263 [INFO] CADModel:114 - Register for checkConnection events
2025-03-18 15:49:42,263 [FATAL] Updater:351 - Updater called before beeing initialized
2025-03-18 15:49:42,264 [ERROR] CADModel:125 - Updater not yet initialized, retry later 
2025-03-18 15:49:42,381 [FATAL] Updater:351 - Updater called before beeing initialized
2025-03-18 15:49:42,382 [INFO] CADModel:165 - CPN selected for project level
2025-03-18 15:49:42,382 [INFO] CADModel:114 - Register for checkConnection events
2025-03-18 15:49:42,382 [FATAL] Updater:351 - Updater called before beeing initialized
2025-03-18 15:49:42,382 [ERROR] CADModel:125 - Updater not yet initialized, retry later 
2025-03-18 15:49:42,384 [FATAL] Updater:351 - Updater called before beeing initialized
2025-03-18 15:49:42,475 [FATAL] Updater:351 - Updater called before beeing initialized
2025-03-18 15:49:42,478 [INFO] DbMcusAds:53 - JSON generation date=Thu Mar 06 16:54:21 EET 2025 (1741272861825)
2025-03-18 15:49:42,478 [FATAL] Updater:351 - Updater called before beeing initialized
2025-03-18 15:49:42,506 [WARN] DetailPanel:346 - Failed to get advertising image, set to default
2025-03-18 15:49:42,752 [FATAL] Updater:351 - Updater called before beeing initialized
2025-03-18 15:49:42,753 [FATAL] Updater:351 - Updater called before beeing initialized
2025-03-18 15:49:42,753 [FATAL] Updater:351 - Updater called before beeing initialized
2025-03-18 15:49:42,753 [WARN] DetailPanel:346 - Failed to get advertising image, set to default
2025-03-18 15:49:42,754 [FATAL] Updater:351 - Updater called before beeing initialized
2025-03-18 15:49:42,795 [ERROR] Updater:1198 - MainUpdater not yet initialized. External WinMGr cannot be set.
2025-03-18 15:49:42,796 [INFO] Updater:1134 - Updater Version found : 6.14.0
2025-03-18 15:49:42,809 [INFO] ApplicationProperties:184 - Using Application install path: C:\ST\STM32CubeIDE_1.18.0\STM32CubeIDE\plugins\com.st.stm32cube.common.mx_6.14.0.202502271554
2025-03-18 15:49:43,452 [INFO] MainUpdater:2872 - connection check result : 10
2025-03-18 15:49:43,453 [INFO] MainUpdater:289 - Updater Check For Update Now.
2025-03-18 15:49:43,453 [INFO] MicroXplorer:498 - Change Database Version : DB.6.0.140
2025-03-18 15:49:43,458 [INFO] McuFinderGlobals:63 - Set McuFinder mode to 2 (CubeIDE integrated)
2025-03-18 15:49:43,459 [INFO] UserAuth:486 - Internet connection configuration mode: 1
2025-03-18 15:49:43,478 [INFO] JxBrowserEngine:152 - Initiate JxBrowser Engine with user profile folder
2025-03-18 15:49:43,644 [INFO] CheckServerUpdateThread:120 - End of CheckServer Thread
2025-03-18 15:49:43,977 [INFO] WebApp:169 - Instantiating new browser for Auth
2025-03-18 15:49:44,511 [INFO] WebApp:463 - Apply proxy settings
2025-03-18 15:49:44,512 [INFO] WebApp:548 - Chromium requires no authentication
2025-03-18 15:49:44,519 [INFO] WebApp:491 - Direct internet connection detected
2025-03-18 15:49:44,536 [INFO] WebApp:894 - Register for checkConnection events
2025-03-18 15:49:44,536 [INFO] WebApp:463 - Apply proxy settings
2025-03-18 15:49:44,536 [INFO] WebApp:548 - Chromium requires no authentication
2025-03-18 15:49:44,537 [INFO] WebApp:491 - Direct internet connection detected
2025-03-18 15:49:44,702 [INFO] WebApp:225 - Starting web application
2025-03-18 15:49:44,703 [INFO] WebApp:593 - Web application path used C:\ST\STM32CubeIDE_1.18.0\STM32CubeIDE\plugins\com.st.stm32cube.common.mx_6.14.0.202502271554\db\plugins\mcufinder\reactClient1\index.html
2025-03-18 15:49:44,761 [WARN] PackLoader:240 - Cannot read IP mode file for STMicroelectronics.FP-SNS-MOTENVWB1.1.4.0
2025-03-18 15:49:44,769 [WARN] PackLoader:240 - Cannot read IP mode file for STMicroelectronics.FP-ATR-ASTRA1.2.0.2
2025-03-18 15:49:44,778 [WARN] PackLoader:240 - Cannot read IP mode file for STMicroelectronics.X-CUBE-SMBUS.2.1.0
2025-03-18 15:49:44,787 [WARN] PackLoader:240 - Cannot read IP mode file for STMicroelectronics.X-CUBE-WB05N.1.1.0
2025-03-18 15:49:44,792 [INFO] UserAuth:486 - Internet connection configuration mode: 1
2025-03-18 15:49:44,817 [WARN] PackLoader:240 - Cannot read IP mode file for STMicroelectronics.X-CUBE-AZRTOS-F7.1.1.0
2025-03-18 15:49:44,825 [WARN] PackLoader:240 - Cannot read IP mode file for STMicroelectronics.FP-SNS-FLIGHT1.5.0.2
2025-03-18 15:49:44,849 [WARN] PackLoader:240 - Cannot read IP mode file for Infineon.AIROC-Wi-Fi-Bluetooth-STM32.1.7.0
2025-03-18 15:49:44,863 [WARN] PackLoader:240 - Cannot read IP mode file for STMicroelectronics.X-CUBE-DISPLAY.3.0.0
2025-03-18 15:49:44,875 [WARN] PackLoader:240 - Cannot read IP mode file for STMicroelectronics.X-CUBE-NFC10.1.0.0
2025-03-18 15:49:44,886 [WARN] PackLoader:240 - Cannot read IP mode file for STMicroelectronics.X-CUBE-BLEMGR.4.0.0
2025-03-18 15:49:44,895 [WARN] PackLoader:240 - Cannot read IP mode file for emotas.I-CUBE-CANOPEN.1.3.0
2025-03-18 15:49:44,900 [WARN] ConditionMgr:438 - getConditionDescription Invalid condition id : Cortex-A Device cause : null
2025-03-18 15:49:44,911 [WARN] ConditionMgr:1044 - genDependencies : Invalid condition id : Cortex-A Device cause : null
2025-03-18 15:49:44,912 [WARN] ConditionMgr:1044 - genDependencies : Invalid condition id : Cortex-A Device cause : null
2025-03-18 15:49:44,912 [WARN] ConditionMgr:1044 - genDependencies : Invalid condition id : Cortex-A Device cause : null
2025-03-18 15:49:44,916 [WARN] PackLoader:240 - Cannot read IP mode file for STMicroelectronics.X-CUBE-AI.10.0.0
2025-03-18 15:49:44,921 [WARN] PackLoader:240 - Cannot read IP mode file for STMicroelectronics.FP-SNS-SMARTAG2.1.2.0
2025-03-18 15:49:44,924 [WARN] PackLoader:240 - Cannot read IP mode file for STMicroelectronics.FP-SNS-FLIGHT1.5.1.0
2025-03-18 15:49:44,964 [INFO] WebApp:191 - Connection restablished
2025-03-18 15:49:44,979 [WARN] PackLoader:240 - Cannot read IP mode file for STMicroelectronics.X-CUBE-MEMS1.11.1.0
2025-03-18 15:49:45,116 [INFO] LogOutputStream:77 - [STDOUT_REDIRECT] 1 : Invalid condition id : UX_CORESTACK_Condition cause : null
2025-03-18 15:49:45,116 [INFO] LogOutputStream:77 - [STDOUT_REDIRECT] 1 : Invalid condition id : UX_CORESTACK_Condition cause : null
2025-03-18 15:49:45,118 [INFO] LogOutputStream:77 - [STDOUT_REDIRECT] 1 : Invalid condition id : UX_CORESTACK_Condition cause : null
2025-03-18 15:49:45,120 [INFO] LogOutputStream:77 - [STDOUT_REDIRECT] 1 : Invalid condition id : UX_CORESTACK_Condition cause : null
2025-03-18 15:49:45,122 [INFO] LogOutputStream:77 - [STDOUT_REDIRECT] 1 : Invalid condition id : UX_CORESTACK_Condition cause : null
2025-03-18 15:49:45,124 [WARN] PackLoader:240 - Cannot read IP mode file for STMicroelectronics.X-CUBE-AZRTOS-WL.2.0.0
2025-03-18 15:49:45,129 [WARN] PackLoader:240 - Cannot read IP mode file for STMicroelectronics.FP-SNS-MOTENV1.5.0.0
2025-03-18 15:49:45,137 [WARN] PackLoader:240 - Cannot read IP mode file for WES.I-CUBE-Cesium.1.3.0
2025-03-18 15:49:45,141 [WARN] PackLoader:240 - Cannot read IP mode file for STMicroelectronics.X-CUBE-BLE2.3.3.0
2025-03-18 15:49:45,146 [WARN] PackLoader:240 - Cannot read IP mode file for STMicroelectronics.X-CUBE-NFC9.1.0.0
2025-03-18 15:49:45,153 [WARN] PackLoader:240 - Cannot read IP mode file for STMicroelectronics.X-CUBE-BLE1.7.1.0
2025-03-18 15:49:45,157 [WARN] PackLoader:240 - Cannot read IP mode file for wolfSSL.I-CUBE-wolfMQTT.1.19.2
2025-03-18 15:49:45,171 [WARN] PackLoader:240 - Cannot read IP mode file for STMicroelectronics.X-CUBE-AZRTOS-G0.1.1.0
2025-03-18 15:49:45,178 [WARN] PackLoader:240 - Cannot read IP mode file for STMicroelectronics.X-CUBE-SAFEA1.1.2.2
2025-03-18 15:49:45,183 [WARN] PackLoader:240 - Cannot read IP mode file for STMicroelectronics.X-CUBE-NFC4.3.0.0
2025-03-18 15:49:45,192 [WARN] PackLoader:240 - Cannot read IP mode file for EmbeddedOffice.I-CUBE-FS-RTOS.1.0.1
2025-03-18 15:49:45,196 [WARN] PackLoader:240 - Cannot read IP mode file for wolfSSL.I-CUBE-wolfTPM.3.8.0
2025-03-18 15:49:45,201 [WARN] PackLoader:240 - Cannot read IP mode file for STMicroelectronics.X-CUBE-TCPP.4.2.0
2025-03-18 15:49:45,208 [WARN] PackLoader:240 - Cannot read IP mode file for RealThread.X-CUBE-RT-Thread_Nano.4.1.1
2025-03-18 15:49:45,213 [WARN] PackLoader:240 - Cannot read IP mode file for STMicroelectronics.FP-ATR-SIGFOX1.3.2.0
2025-03-18 15:49:45,218 [WARN] PackLoader:240 - Cannot read IP mode file for STMicroelectronics.X-CUBE-EEPRMA1.5.1.0
2025-03-18 15:49:45,223 [WARN] PackLoader:240 - Cannot read IP mode file for wolfSSL.I-CUBE-wolfSSL.5.7.6
2025-03-18 15:49:45,230 [WARN] PackLoader:240 - Cannot read IP mode file for ITTIA_DB.I-CUBE-ITTIADB.8.9.0
2025-03-18 15:49:45,272 [WARN] PackLoader:240 - Cannot read IP mode file for SEGGER.I-CUBE-embOS.1.3.1
2025-03-18 15:49:45,349 [WARN] PackLoader:240 - Cannot read IP mode file for STMicroelectronics.X-CUBE-ALGOBUILD.1.4.0
2025-03-18 15:49:45,362 [WARN] PackLoader:240 - Cannot read IP mode file for STMicroelectronics.X-CUBE-AZRTOS-F4.1.1.0
2025-03-18 15:49:45,369 [WARN] PackLoader:240 - Cannot read IP mode file for STMicroelectronics.X-CUBE-ISPU.2.1.0
2025-03-18 15:49:45,381 [WARN] PackLoader:240 - Cannot read IP mode file for STMicroelectronics.X-CUBE-AZRTOS-L5.2.0.0
2025-03-18 15:49:45,391 [WARN] PackLoader:240 - Cannot read IP mode file for STMicroelectronics.X-CUBE-NFC6.3.1.0
2025-03-18 15:49:45,397 [WARN] PackLoader:240 - Cannot read IP mode file for STMicroelectronics.X-CUBE-DPower.1.2.0
2025-03-18 15:49:45,401 [WARN] PackLoader:240 - Cannot read IP mode file for STMicroelectronics.X-CUBE-FREERTOS.1.3.0
2025-03-18 15:49:45,407 [WARN] PackLoader:240 - Cannot read IP mode file for STMicroelectronics.X-CUBE-NFC7.1.0.1
2025-03-18 15:49:45,421 [WARN] ConditionMgr:438 - getConditionDescription Invalid condition id : LAN8742 Phy interface Condition cause : null
2025-03-18 15:49:45,421 [WARN] PackLoader:240 - Cannot read IP mode file for STMicroelectronics.X-CUBE-AZRTOS-L4.2.0.0
2025-03-18 15:49:45,422 [WARN] ConditionMgr:1044 - genDependencies : Invalid condition id : LAN8742 Phy interface Condition cause : null
2025-03-18 15:49:45,422 [WARN] ConditionMgr:1044 - genDependencies : Invalid condition id : LAN8742 Phy interface Condition cause : null
2025-03-18 15:49:45,423 [WARN] ConditionMgr:1044 - genDependencies : Invalid condition id : LAN8742 Phy interface Condition cause : null
2025-03-18 15:49:45,428 [WARN] PackLoader:240 - Cannot read IP mode file for STMicroelectronics.X-CUBE-SFXS2LP1.4.0.0
2025-03-18 15:49:45,441 [WARN] PackLoader:240 - Cannot read IP mode file for STMicroelectronics.X-CUBE-AZRTOS-H7.3.3.0
2025-03-18 15:49:45,450 [WARN] ConditionMgr:438 - getConditionDescription Invalid condition id : UX DEVICE CLASS RTOS Condition cause : null
2025-03-18 15:49:45,450 [WARN] ConditionMgr:438 - getConditionDescription Invalid condition id : UX DEVICE CLASS RTOS Condition cause : null
2025-03-18 15:49:45,451 [WARN] PackLoader:240 - Cannot read IP mode file for STMicroelectronics.X-CUBE-AZRTOS-WB.2.0.0
2025-03-18 15:49:45,451 [WARN] ConditionMgr:1044 - genDependencies : Invalid condition id : UX DEVICE CLASS RTOS Condition cause : null
2025-03-18 15:49:45,451 [WARN] ConditionMgr:1044 - genDependencies : Invalid condition id : UX DEVICE CLASS RTOS Condition cause : null
2025-03-18 15:49:45,451 [WARN] ConditionMgr:1044 - genDependencies : Invalid condition id : UX DEVICE CLASS RTOS Condition cause : null
2025-03-18 15:49:45,452 [WARN] ConditionMgr:1044 - genDependencies : Invalid condition id : UX DEVICE CLASS RTOS Condition cause : null
2025-03-18 15:49:45,452 [WARN] ConditionMgr:1044 - genDependencies : Invalid condition id : UX DEVICE CLASS RTOS Condition cause : null
2025-03-18 15:49:45,456 [WARN] PackLoader:240 - Cannot read IP mode file for STMicroelectronics.X-CUBE-GNSS1.7.0.1
2025-03-18 15:49:45,460 [WARN] PackLoader:240 - Cannot read IP mode file for STMicroelectronics.X-CUBE-TOUCHGFX.4.25.0
2025-03-18 15:49:45,464 [WARN] PackLoader:240 - Cannot read IP mode file for STMicroelectronics.FP-SNS-STBOX1.2.0.0
2025-03-18 15:49:45,472 [WARN] PackLoader:240 - Cannot read IP mode file for STMicroelectronics.X-CUBE-SUBG2.5.0.0
2025-03-18 15:49:45,477 [WARN] PackLoader:240 - Cannot read IP mode file for Cesanta.I-CUBE-Mongoose.7.13.0
2025-03-18 15:49:45,484 [WARN] PackLoader:240 - Cannot read IP mode file for STMicroelectronics.X-CUBE-AZRTOS-G4.2.0.0
2025-03-18 15:49:45,488 [WARN] PackLoader:240 - Cannot read IP mode file for wolfSSL.I-CUBE-wolfSSH.1.4.20
2025-03-18 15:49:45,500 [WARN] PackLoader:240 - Cannot read IP mode file for STMicroelectronics.X-CUBE-IPS.3.1.0
2025-03-18 15:49:45,509 [WARN] PackLoader:240 - Cannot read IP mode file for STMicroelectronics.X-CUBE-ALS.1.0.2
2025-03-18 15:49:45,512 [WARN] PackLoader:240 - Cannot read IP mode file for STMicroelectronics.X-CUBE-TOUCHGFX.4.24.2
2025-03-18 15:49:45,517 [WARN] PackLoader:240 - Cannot read IP mode file for portGmbH.I-Cube-SoM-uGOAL.1.1.0
2025-03-18 15:49:45,525 [WARN] PackLoader:240 - Cannot read IP mode file for STMicroelectronics.X-CUBE-AZRTOS-H7RS.1.0.0
2025-03-18 15:49:45,533 [WARN] PackLoader:240 - Cannot read IP mode file for STMicroelectronics.X-CUBE-TOF1.3.4.2
2025-03-18 15:49:45,538 [INFO] ThirdParty:978 - Integrity check success = true
2025-03-18 15:49:45,538 [INFO] IntegrityCheckThread:100 - exiting critical section [integrity check]
2025-03-18 15:49:45,538 [INFO] IntegrityCheckThread:103 - End integrity checks thread
2025-03-18 15:49:51,459 [ERROR] LogOutputStream:75 - [STDERR_REDIRECT] 
